<?xml version="1.0" encoding="UTF-8"?>
<!-- Generated by org.testng.reporters.JUnitXMLReporter -->
<testsuite hostname="ASDP1727PO02529" name="Default test" tests="3" failures="0" timestamp="14 Aug 2017 03:20:04 GMT" time="23.063" errors="0">
  <testcase name="T2_verifyComposeNewMailFunctionality" time="21.238" classname="com.qait.automation.mail.test.MailAutomation"/>
  <testcase name="T2_verifyComposeNewMailFunctionality" time="22.488" classname="com.qait.automation.mail.test.MailAutomation"/>
  <testcase name="T2_verifyComposeNewMailFunctionality" time="22.839" classname="com.qait.automation.mail.test.MailAutomation"/>
</testsuite> <!-- Default test -->
