<?xml version="1.0" encoding="UTF-8"?>
<!-- Generated by org.testng.reporters.JUnitXMLReporter -->
<testsuite hostname="ASDP1727PO02529" name="Test1" tests="3" failures="0" timestamp="9 Aug 2017 09:47:42 GMT" time="21.586" errors="0">
  <testcase name="T2_verifyComposeNewMailFunctionality" time="19.802" classname="com.qait.automation.mail.test.MailAutomation"/>
  <testcase name="T2_verifyComposeNewMailFunctionality" time="21.034" classname="com.qait.automation.mail.test.MailAutomation"/>
  <testcase name="T2_verifyComposeNewMailFunctionality" time="21.315" classname="com.qait.automation.mail.test.MailAutomation"/>
</testsuite> <!-- Test1 -->
