<?xml version="1.0" encoding="UTF-8"?>
<testng-results skipped="0" failed="0" total="0" passed="0">
  <reporter-output>
  </reporter-output>
  <suite name="com.qait.automation.TestSessionInitiator" duration-ms="4" started-at="2017-08-03T06:31:13Z" finished-at="2017-08-03T06:31:13Z">
    <groups>
    </groups>
    <test name="Command line test" duration-ms="4" started-at="2017-08-03T06:31:13Z" finished-at="2017-08-03T06:31:13Z">
    </test> <!-- Command line test -->
  </suite> <!-- com.qait.automation.TestSessionInitiator -->
</testng-results>
