<?xml version="1.0" encoding="UTF-8"?>
<testng-results skipped="0" failed="0" total="3" passed="3">
  <reporter-output>
  </reporter-output>
  <suite name="Default suite" duration-ms="23063" started-at="2017-08-14T03:19:41Z" finished-at="2017-08-14T03:20:04Z">
    <groups>
    </groups>
    <test name="Default test" duration-ms="23063" started-at="2017-08-14T03:19:41Z" finished-at="2017-08-14T03:20:04Z">
      <class name="com.qait.automation.mail.test.MailAutomation">
        <test-method status="PASS" signature="T2_verifyComposeNewMailFunctionality(java.lang.String, java.lang.String, java.lang.String)[pri:0, instance:com.qait.automation.mail.test.MailAutomation@457e2f02]" name="T2_verifyComposeNewMailFunctionality" duration-ms="21238" started-at="2017-08-14T08:49:42Z" data-provider="mydata" finished-at="2017-08-14T08:50:03Z">
          <params>
            <param index="0">
              <value>
                <![CDATA[mohdkamranqait@gmail.com]]>
              </value>
            </param>
            <param index="1">
              <value>
                <![CDATA[Mail to Kamran CC]]>
              </value>
            </param>
            <param index="2">
              <value>
                <![CDATA[Hello Kamran CC]]>
              </value>
            </param>
          </params>
          <reporter-output>
          </reporter-output>
        </test-method> <!-- T2_verifyComposeNewMailFunctionality -->
        <test-method status="PASS" signature="T2_verifyComposeNewMailFunctionality(java.lang.String, java.lang.String, java.lang.String)[pri:0, instance:com.qait.automation.mail.test.MailAutomation@457e2f02]" name="T2_verifyComposeNewMailFunctionality" duration-ms="22839" started-at="2017-08-14T08:49:42Z" data-provider="mydata" finished-at="2017-08-14T08:50:04Z">
          <params>
            <param index="0">
              <value>
                <![CDATA[mohdkamran@qainfotech.com]]>
              </value>
            </param>
            <param index="1">
              <value>
                <![CDATA[Mail to qait  BB]]>
              </value>
            </param>
            <param index="2">
              <value>
                <![CDATA[helloooooo   BB]]>
              </value>
            </param>
          </params>
          <reporter-output>
          </reporter-output>
        </test-method> <!-- T2_verifyComposeNewMailFunctionality -->
        <test-method status="PASS" signature="T2_verifyComposeNewMailFunctionality(java.lang.String, java.lang.String, java.lang.String)[pri:0, instance:com.qait.automation.mail.test.MailAutomation@457e2f02]" name="T2_verifyComposeNewMailFunctionality" duration-ms="22488" started-at="2017-08-14T08:49:42Z" data-provider="mydata" finished-at="2017-08-14T08:50:04Z">
          <params>
            <param index="0">
              <value>
                <![CDATA[mohdkamranqait@gmail.com]]>
              </value>
            </param>
            <param index="1">
              <value>
                <![CDATA[Mail to Kamran  AA]]>
              </value>
            </param>
            <param index="2">
              <value>
                <![CDATA[Hello Kamran  AA]]>
              </value>
            </param>
          </params>
          <reporter-output>
          </reporter-output>
        </test-method> <!-- T2_verifyComposeNewMailFunctionality -->
      </class> <!-- com.qait.automation.mail.test.MailAutomation -->
    </test> <!-- Default test -->
  </suite> <!-- Default suite -->
</testng-results>
